<?xml version="1.0" encoding="UTF-8"?>
<!-- Generated by org.testng.reporters.JUnitReportReporter -->
<testsuite hostname="8e79ee36b768" failures="0" tests="20" name="com.shahid.tests.flightreservation.FlightReservationTest" time="44.025" errors="0" timestamp="2024-07-01T16:34:59 GMT" skipped="0">
  <testcase classname="com.shahid.tests.flightreservation.FlightReservationTest" name="registrationConfirmationTest" time="2.442"/>
  <testcase classname="com.shahid.tests.flightreservation.FlightReservationTest" name="userRegistrationTest" time="3.034"/>
  <testcase classname="com.shahid.tests.flightreservation.FlightReservationTest" name="flightsSelectionTest" time="3.004"/>
  <testcase classname="com.shahid.tests.flightreservation.FlightReservationTest" name="registrationConfirmationTest" time="2.444"/>
  <testcase classname="com.shahid.tests.flightreservation.FlightReservationTest" name="flightReservationConfirmationTest" time="2.315"/>
  <testcase classname="com.shahid.tests.flightreservation.FlightReservationTest" name="flightsSearchTest" time="3.075"/>
  <testcase classname="com.shahid.tests.flightreservation.FlightReservationTest" name="flightsSelectionTest" time="1.390"/>
  <testcase classname="com.shahid.tests.flightreservation.FlightReservationTest" name="flightsSelectionTest" time="2.462"/>
  <testcase classname="com.shahid.tests.flightreservation.FlightReservationTest" name="flightReservationConfirmationTest" time="1.762"/>
  <testcase classname="com.shahid.tests.flightreservation.FlightReservationTest" name="userRegistrationTest" time="3.174"/>
  <testcase classname="com.shahid.tests.flightreservation.FlightReservationTest" name="flightsSearchTest" time="1.970"/>
  <testcase classname="com.shahid.tests.flightreservation.FlightReservationTest" name="flightReservationConfirmationTest" time="1.770"/>
  <testcase classname="com.shahid.tests.flightreservation.FlightReservationTest" name="registrationConfirmationTest" time="2.421"/>
  <testcase classname="com.shahid.tests.flightreservation.FlightReservationTest" name="userRegistrationTest" time="2.937"/>
  <testcase classname="com.shahid.tests.flightreservation.FlightReservationTest" name="flightReservationConfirmationTest" time="0.692"/>
  <testcase classname="com.shahid.tests.flightreservation.FlightReservationTest" name="flightsSelectionTest" time="3.015"/>
  <testcase classname="com.shahid.tests.flightreservation.FlightReservationTest" name="flightsSearchTest" time="1.503"/>
  <testcase classname="com.shahid.tests.flightreservation.FlightReservationTest" name="userRegistrationTest" time="2.935"/>
  <testcase classname="com.shahid.tests.flightreservation.FlightReservationTest" name="registrationConfirmationTest" time="0.758"/>
  <testcase classname="com.shahid.tests.flightreservation.FlightReservationTest" name="flightsSearchTest" time="0.922"/>
</testsuite> <!-- com.shahid.tests.flightreservation.FlightReservationTest -->
